0 info it worked if it ends with ok
1 verbose cli [ '/usr/local/bin/node', '/usr/local/bin/npm', 'start' ]
2 info using npm@3.10.10
3 info using node@v10.4.1
4 verbose run-script [ 'prestart', 'start', 'poststart' ]
5 info lifecycle webpack1-ie8@0.0.1~prestart: webpack1-ie8@0.0.1
6 silly lifecycle webpack1-ie8@0.0.1~prestart: no script for prestart, continuing
7 info lifecycle webpack1-ie8@0.0.1~start: webpack1-ie8@0.0.1
8 verbose lifecycle webpack1-ie8@0.0.1~start: unsafe-perm in lifecycle true
9 verbose lifecycle webpack1-ie8@0.0.1~start: PATH: /usr/local/lib/node_modules/npm/bin/node-gyp-bin:/Users/puchunjie/Desktop/react-antd-ie8-master/node_modules/.bin:/Users/puchunjie/Desktop/react-antd-ie8-master/flutter/bin:/usr/local/bin:/usr/bin:/bin:/usr/sbin:/sbin://flutter/bin
10 verbose lifecycle webpack1-ie8@0.0.1~start: CWD: /Users/puchunjie/Desktop/react-antd-ie8-master
11 silly lifecycle webpack1-ie8@0.0.1~start: Args: [ '-c',
11 silly lifecycle   'cross-env NODE_ENV=development webpack-dev-server --cache --colors --profile --progress --host 192.168.0.9 -d' ]
12 silly lifecycle webpack1-ie8@0.0.1~start: Returned: code: 1  signal: null
13 info lifecycle webpack1-ie8@0.0.1~start: Failed to exec start script
14 verbose stack Error: webpack1-ie8@0.0.1 start: `cross-env NODE_ENV=development webpack-dev-server --cache --colors --profile --progress --host 192.168.0.9 -d`
14 verbose stack Exit status 1
14 verbose stack     at EventEmitter.<anonymous> (/usr/local/lib/node_modules/npm/lib/utils/lifecycle.js:255:16)
14 verbose stack     at EventEmitter.emit (events.js:182:13)
14 verbose stack     at ChildProcess.<anonymous> (/usr/local/lib/node_modules/npm/lib/utils/spawn.js:40:14)
14 verbose stack     at ChildProcess.emit (events.js:182:13)
14 verbose stack     at maybeClose (internal/child_process.js:961:16)
14 verbose stack     at Process.ChildProcess._handle.onexit (internal/child_process.js:248:5)
15 verbose pkgid webpack1-ie8@0.0.1
16 verbose cwd /Users/puchunjie/Desktop/react-antd-ie8-master
17 error Darwin 18.2.0
18 error argv "/usr/local/bin/node" "/usr/local/bin/npm" "start"
19 error node v10.4.1
20 error npm  v3.10.10
21 error code ELIFECYCLE
22 error webpack1-ie8@0.0.1 start: `cross-env NODE_ENV=development webpack-dev-server --cache --colors --profile --progress --host 192.168.0.9 -d`
22 error Exit status 1
23 error Failed at the webpack1-ie8@0.0.1 start script 'cross-env NODE_ENV=development webpack-dev-server --cache --colors --profile --progress --host 192.168.0.9 -d'.
23 error Make sure you have the latest version of node.js and npm installed.
23 error If you do, this is most likely a problem with the webpack1-ie8 package,
23 error not with npm itself.
23 error Tell the author that this fails on your system:
23 error     cross-env NODE_ENV=development webpack-dev-server --cache --colors --profile --progress --host 192.168.0.9 -d
23 error You can get information on how to open an issue for this project with:
23 error     npm bugs webpack1-ie8
23 error Or if that isn't available, you can get their info via:
23 error     npm owner ls webpack1-ie8
23 error There is likely additional logging output above.
24 verbose exit [ 1, true ]
